#
# A fatal error has been detected by the Java Runtime Environment:
#
#  EXCEPTION_ACCESS_VIOLATION (0xc0000005) at pc=0x00000000758e4557, pid=1392, tid=0x00000000000037e4
#
# JRE version: Java(TM) SE Runtime Environment (8.0_181-b13) (build 1.8.0_181-b13)
# Java VM: Java HotSpot(TM) 64-Bit Server VM (25.181-b13 mixed mode windows-amd64 compressed oops)
# Problematic frame:
# V  [jvm.dll+0x4a4557]
#
# Failed to write core dump. Minidumps are not enabled by default on client versions of Windows
#
# If you would like to submit a bug report, please visit:
#   http://bugreport.java.com/bugreport/crash.jsp
#

---------------  T H R E A D  ---------------

Current thread (0x0000000017508800):  JavaThread "C2 CompilerThread0" daemon [_thread_in_native, id=14308, stack(0x0000000019170000,0x0000000019270000)]

siginfo: ExceptionCode=0xc0000005, reading address 0x0000000000000088

Registers:
RAX=0x0000000017513800, RBX=0x000000000000013f, RCX=0x0000000000000009, RDX=0x000000000000013f
RSP=0x000000001926bf00, RBP=0x00000000000211d0, RSI=0x000000001c9af570, RDI=0x000000000000013f
R8 =0x0000000000000000, R9 =0x0000000075c63440, R10=0x000000001926c2a0, R11=0x0000000000000024
R12=0x000000001fab6020, R13=0x000000001926c590, R14=0x0000000075440000, R15=0x0000000075c63440
RIP=0x00000000758e4557, EFLAGS=0x0000000000010246

Top of Stack: (sp=0x000000001926bf00)
0x000000001926bf00:   000000001926e940 000000001c9afb10
0x000000001926bf10:   000000001a785460 0000000000012fe0
0x000000001926bf20:   000000001c9af570 00000000758e011a
0x000000001926bf30:   000000000000013f 00000000000004bb
0x000000001926bf40:   00000000000211d0 00000000000004bb
0x000000001926bf50:   0000014300000000 0000000000000002
0x000000001926bf60:   0000000020c85d00 0000000000000002
0x000000001926bf70:   0000000020c86310 0000000000000012
0x000000001926bf80:   000000001926c110 000000007591c784
0x000000001926bf90:   0000000000000006 000000001c03d5e0
0x000000001926bfa0:   0000000020d3c7f0 000000001926c590
0x000000001926bfb0:   000000001926c590 00000000758e15e8
0x000000001926bfc0:   00000000000211d0 0000000000000f7b
0x000000001926bfd0:   000000001926c0c0 000000001fac01c8
0x000000001926bfe0:   0000001300000000 0000000000000025
0x000000001926bff0:   000000001c03d5e0 000004bb00000000 

Instructions: (pc=0x00000000758e4557)
0x00000000758e4537:   74 24 10 57 48 83 ec 20 48 8b f1 8b 0d 80 44 31
0x00000000758e4547:   00 8b fa ff 15 a0 be 13 00 4c 8b 80 d0 03 00 00
0x00000000758e4557:   49 8b 98 88 00 00 00 4c 8b 83 f0 07 00 00 4d 85
0x00000000758e4567:   c0 75 0c e8 e1 fe ff ff 4c 8b 83 f0 07 00 00 49 


Register to memory mapping:

RAX=0x0000000017513800 is a thread
RBX=0x000000000000013f is an unknown value
RCX=0x0000000000000009 is an unknown value
RDX=0x000000000000013f is an unknown value
RSP=0x000000001926bf00 is pointing into the stack for thread: 0x0000000017508800
RBP=0x00000000000211d0 is an unknown value
RSI=0x000000001c9af570 is an unknown value
RDI=0x000000000000013f is an unknown value
R8 =0x0000000000000000 is an unknown value
R9 =0x0000000075c63440 is an unknown value
R10=0x000000001926c2a0 is pointing into the stack for thread: 0x0000000017508800
R11=0x0000000000000024 is an unknown value
R12=0x000000001fab6020 is an unknown value
R13=0x000000001926c590 is pointing into the stack for thread: 0x0000000017508800
R14=0x0000000075440000 is an unknown value
R15=0x0000000075c63440 is an unknown value


Stack: [0x0000000019170000,0x0000000019270000],  sp=0x000000001926bf00,  free space=1007k
Native frames: (J=compiled Java code, j=interpreted, Vv=VM code, C=native code)
V  [jvm.dll+0x4a4557]
V  [jvm.dll+0x4a011a]
V  [jvm.dll+0x4a15e8]
V  [jvm.dll+0x46b8d8]
V  [jvm.dll+0x476c1b]
V  [jvm.dll+0x479527]
V  [jvm.dll+0x45bd02]
V  [jvm.dll+0xa6b02]
V  [jvm.dll+0xa744f]
V  [jvm.dll+0x245d2f]
V  [jvm.dll+0x29e64a]
C  [msvcr100.dll+0x21d9f]
C  [msvcr100.dll+0x21e3b]
C  [KERNEL32.DLL+0x17bd4]
C  [ntdll.dll+0x6cee1]


Current CompileTask:
C2: 166775 11182       4       org.springframework.cglib.core.ClassEmitter::begin_method (185 bytes)


---------------  P R O C E S S  ---------------

Java Threads: ( => current thread )
  0x000000001c002000 JavaThread "DefaultQuartzScheduler-camel-1_QuartzSchedulerThread" [_thread_blocked, id=2844, stack(0x000000002c310000,0x000000002c410000)]
  0x000000001bffe800 JavaThread "DefaultQuartzScheduler-camel-1_Worker-10" [_thread_blocked, id=11004, stack(0x000000002af70000,0x000000002b070000)]
  0x000000001bffd000 JavaThread "DefaultQuartzScheduler-camel-1_Worker-9" [_thread_blocked, id=9536, stack(0x000000002ae70000,0x000000002af70000)]
  0x000000001c003000 JavaThread "DefaultQuartzScheduler-camel-1_Worker-8" [_thread_blocked, id=13604, stack(0x000000002ad70000,0x000000002ae70000)]
  0x000000001bffd800 JavaThread "DefaultQuartzScheduler-camel-1_Worker-7" [_thread_blocked, id=6932, stack(0x000000002ac70000,0x000000002ad70000)]
  0x000000001f551800 JavaThread "DefaultQuartzScheduler-camel-1_Worker-6" [_thread_blocked, id=6084, stack(0x000000002ab70000,0x000000002ac70000)]
  0x0000000026240800 JavaThread "DefaultQuartzScheduler-camel-1_Worker-5" [_thread_blocked, id=10484, stack(0x000000002a650000,0x000000002a750000)]
  0x0000000026241000 JavaThread "DefaultQuartzScheduler-camel-1_Worker-4" [_thread_blocked, id=2356, stack(0x000000002a550000,0x000000002a650000)]
  0x000000002623d800 JavaThread "DefaultQuartzScheduler-camel-1_Worker-3" [_thread_blocked, id=1576, stack(0x000000002a450000,0x000000002a550000)]
  0x000000002623f800 JavaThread "DefaultQuartzScheduler-camel-1_Worker-2" [_thread_blocked, id=8032, stack(0x0000000029e20000,0x0000000029f20000)]
  0x000000002623c800 JavaThread "DefaultQuartzScheduler-camel-1_Worker-1" [_thread_blocked, id=13384, stack(0x0000000029d20000,0x0000000029e20000)]
  0x000000002623e000 JavaThread "ForkJoinPool.commonPool-worker-3" daemon [_thread_blocked, id=7760, stack(0x0000000029250000,0x0000000029350000)]
  0x000000002623f000 JavaThread "ForkJoinPool.commonPool-worker-2" daemon [_thread_blocked, id=3228, stack(0x00000000285b0000,0x00000000286b0000)]
  0x0000000026235000 JavaThread "pool-2-thread-1" [_thread_blocked, id=3928, stack(0x0000000026c00000,0x0000000026d00000)]
  0x0000000026239800 JavaThread "qtp1965753858-40" [_thread_blocked, id=11204, stack(0x000000002a350000,0x000000002a450000)]
  0x0000000026232000 JavaThread "qtp1965753858-39" [_thread_blocked, id=9000, stack(0x000000002a250000,0x000000002a350000)]
  0x0000000026233800 JavaThread "qtp1965753858-38" [_thread_blocked, id=14392, stack(0x000000002a150000,0x000000002a250000)]
  0x0000000026236800 JavaThread "qtp1965753858-37" [_thread_blocked, id=11868, stack(0x000000002a050000,0x000000002a150000)]
  0x0000000026237800 JavaThread "qtp1965753858-36" [_thread_blocked, id=7272, stack(0x0000000029f50000,0x000000002a050000)]
  0x0000000026233000 JavaThread "qtp1965753858-35" [_thread_blocked, id=10360, stack(0x0000000029820000,0x0000000029920000)]
  0x0000000026239000 JavaThread "qtp1965753858-34" [_thread_blocked, id=2304, stack(0x0000000028f00000,0x0000000029000000)]
  0x000000001e5ed800 JavaThread "qtp1965753858-33" [_thread_blocked, id=8860, stack(0x00000000289b0000,0x0000000028ab0000)]
  0x000000001f554800 JavaThread "OracleTimeoutPollingThread" daemon [_thread_blocked, id=15124, stack(0x00000000286b0000,0x00000000287b0000)]
  0x000000001f553800 JavaThread "SpringBootJPAHikariCP housekeeper" daemon [_thread_blocked, id=10852, stack(0x0000000026b00000,0x0000000026c00000)]
  0x000000001f550000 JavaThread "Abandoned connection cleanup thread" daemon [_thread_blocked, id=10700, stack(0x0000000023f80000,0x0000000024080000)]
  0x000000001f550800 JavaThread "HashSessionScavenger-1" daemon [_thread_blocked, id=3100, stack(0x0000000022f30000,0x0000000023030000)]
  0x000000001e5e9000 JavaThread "qtp1873387969-24" [_thread_blocked, id=7912, stack(0x0000000020860000,0x0000000020960000)]
  0x000000001e5ec000 JavaThread "qtp1873387969-23" [_thread_blocked, id=11408, stack(0x0000000020760000,0x0000000020860000)]
  0x000000001e5ea800 JavaThread "qtp1873387969-22" [_thread_blocked, id=7400, stack(0x0000000020660000,0x0000000020760000)]
  0x000000001e5ee800 JavaThread "qtp1873387969-21" [_thread_blocked, id=15300, stack(0x0000000020560000,0x0000000020660000)]
  0x000000001e5ed000 JavaThread "qtp1873387969-20" [_thread_blocked, id=11156, stack(0x0000000020460000,0x0000000020560000)]
  0x000000001e5eb800 JavaThread "qtp1873387969-19" [_thread_blocked, id=7960, stack(0x0000000020360000,0x0000000020460000)]
  0x000000001e5e8800 JavaThread "qtp1873387969-18 Acceptor0 SelectChannelConnector@0.0.0.0:8181" [_thread_in_native, id=2764, stack(0x0000000020260000,0x0000000020360000)]
  0x000000001e5ef000 JavaThread "qtp1873387969-17 Selector0" [_thread_in_native, id=7572, stack(0x0000000020160000,0x0000000020260000)]
  0x000000001e5ea000 JavaThread "HashSessionScavenger-0" daemon [_thread_blocked, id=9860, stack(0x0000000020060000,0x0000000020160000)]
  0x000000001e74b000 JavaThread "main" [_thread_in_native, id=14596, stack(0x000000001b840000,0x000000001b940000)]
  0x00000000194bc000 JavaThread "Service Thread" daemon [_thread_blocked, id=8948, stack(0x0000000019870000,0x0000000019970000)]
  0x0000000017513800 JavaThread "C1 CompilerThread2" daemon [_thread_blocked, id=14808, stack(0x0000000019370000,0x0000000019470000)]
  0x000000001750a000 JavaThread "C2 CompilerThread1" daemon [_thread_in_native, id=12320, stack(0x0000000019270000,0x0000000019370000)]
=>0x0000000017508800 JavaThread "C2 CompilerThread0" daemon [_thread_in_native, id=14308, stack(0x0000000019170000,0x0000000019270000)]
  0x00000000174fa000 JavaThread "JDWP Command Reader" daemon [_thread_in_native, id=11836, stack(0x0000000019070000,0x0000000019170000)]
  0x00000000174f7000 JavaThread "JDWP Event Helper Thread" daemon [_thread_blocked, id=4604, stack(0x0000000018f70000,0x0000000019070000)]
  0x00000000174e9800 JavaThread "JDWP Transport Listener: dt_socket" daemon [_thread_blocked, id=7628, stack(0x0000000018e70000,0x0000000018f70000)]
  0x00000000174e0800 JavaThread "Attach Listener" daemon [_thread_blocked, id=12456, stack(0x0000000018a30000,0x0000000018b30000)]
  0x00000000174df800 JavaThread "Signal Dispatcher" daemon [_thread_blocked, id=6036, stack(0x0000000018930000,0x0000000018a30000)]
  0x00000000174ca800 JavaThread "Finalizer" daemon [_thread_blocked, id=1120, stack(0x0000000018730000,0x0000000018830000)]
  0x00000000174a9000 JavaThread "Reference Handler" daemon [_thread_blocked, id=14164, stack(0x0000000018630000,0x0000000018730000)]
  0x00000000028c2800 JavaThread "main" [_thread_blocked, id=248, stack(0x0000000002730000,0x0000000002830000)]

Other Threads:
  0x00000000174a7800 VMThread [stack: 0x0000000018530000,0x0000000018630000] [id=5228]
  0x00000000194c4000 WatcherThread [stack: 0x0000000019970000,0x0000000019a70000] [id=11776]

VM state:not at safepoint (normal execution)

VM Mutex/Monitor currently owned by a thread: None

Heap:
 PSYoungGen      total 399360K, used 248803K [0x00000000d5f80000, 0x00000000f1300000, 0x0000000100000000)
  eden space 359936K, 60% used [0x00000000d5f80000,0x00000000e359bcd8,0x00000000ebf00000)
  from space 39424K, 74% used [0x00000000eec80000,0x00000000f095d248,0x00000000f1300000)
  to   space 43008K, 0% used [0x00000000ebf00000,0x00000000ebf00000,0x00000000ee900000)
 ParOldGen       total 163328K, used 78301K [0x0000000081e00000, 0x000000008bd80000, 0x00000000d5f80000)
  object space 163328K, 47% used [0x0000000081e00000,0x0000000086a775c8,0x000000008bd80000)
 Metaspace       used 86603K, capacity 88074K, committed 88192K, reserved 1126400K
  class space    used 11446K, capacity 11802K, committed 11904K, reserved 1048576K

Card table byte_map: [0x0000000011d80000,0x0000000012180000] byte_map_base: 0x0000000011971000

Marking Bits: (ParMarkBitMap*) 0x0000000075c62d00
 Begin Bits: [0x0000000012830000, 0x00000000147b8000)
 End Bits:   [0x00000000147b8000, 0x0000000016740000)

Polling page: 0x0000000000f40000

CodeCache: size=245760Kb used=41149Kb max_used=41962Kb free=204610Kb
 bounds [0x00000000029c0000, 0x00000000052e0000, 0x00000000119c0000]
 total_blobs=10289 nmethods=9463 adapters=745
 compilation: enabled

Compilation events (10 events):
Event: 161.356 Thread 0x0000000017513800 11216       3       javax.management.ObjectName::construct (1228 bytes)
Event: 161.364 Thread 0x0000000017513800 nmethod 11216 0x00000000051efbd0 code [0x00000000051f04e0, 0x00000000051f6a68]
Event: 161.364 Thread 0x0000000017513800 11217       3       javax.management.ObjectName$Property::<init> (20 bytes)
Event: 161.365 Thread 0x0000000017513800 nmethod 11217 0x00000000051dbb50 code [0x00000000051dbca0, 0x00000000051dbe50]
Event: 161.602 Thread 0x0000000017513800 11218       1       org.apache.camel.component.properties.PropertiesComponent::getPrefixToken (5 bytes)
Event: 161.602 Thread 0x0000000017513800 nmethod 11218 0x00000000051fcc10 code [0x00000000051fcd60, 0x00000000051fce70]
Event: 161.603 Thread 0x0000000017513800 11219       1       org.apache.camel.model.OnExceptionDefinition::isAbstract (2 bytes)
Event: 161.603 Thread 0x0000000017513800 nmethod 11219 0x00000000051fced0 code [0x00000000051fd020, 0x00000000051fd130]
Event: 161.603 Thread 0x0000000017513800 11220       1       org.apache.camel.model.ChoiceDefinition::access$100 (5 bytes)
Event: 161.603 Thread 0x0000000017513800 nmethod 11220 0x00000000051fd190 code [0x00000000051fd2e0, 0x00000000051fd3d0]

GC Heap History (10 events):
Event: 28.362 GC heap before
{Heap before GC invocations=19 (full 3):
 PSYoungGen      total 294400K, used 16708K [0x00000000d5f80000, 0x00000000eba00000, 0x0000000100000000)
  eden space 272384K, 0% used [0x00000000d5f80000,0x00000000d5f80000,0x00000000e6980000)
  from space 22016K, 75% used [0x00000000e8000000,0x00000000e9051068,0x00000000e9580000)
  to   space 23040K, 0% used [0x00000000e6980000,0x00000000e6980000,0x00000000e8000000)
 ParOldGen       total 125440K, used 36648K [0x0000000081e00000, 0x0000000089880000, 0x00000000d5f80000)
  object space 125440K, 29% used [0x0000000081e00000,0x00000000841ca068,0x0000000089880000)
 Metaspace       used 57938K, capacity 58882K, committed 59160K, reserved 1101824K
  class space    used 7278K, capacity 7532K, committed 7552K, reserved 1048576K
Event: 28.730 GC heap after
Heap after GC invocations=19 (full 3):
 PSYoungGen      total 294400K, used 0K [0x00000000d5f80000, 0x00000000eba00000, 0x0000000100000000)
  eden space 272384K, 0% used [0x00000000d5f80000,0x00000000d5f80000,0x00000000e6980000)
  from space 22016K, 0% used [0x00000000e8000000,0x00000000e8000000,0x00000000e9580000)
  to   space 23040K, 0% used [0x00000000e6980000,0x00000000e6980000,0x00000000e8000000)
 ParOldGen       total 163328K, used 48082K [0x0000000081e00000, 0x000000008bd80000, 0x00000000d5f80000)
  object space 163328K, 29% used [0x0000000081e00000,0x0000000084cf48f8,0x000000008bd80000)
 Metaspace       used 57938K, capacity 58882K, committed 59160K, reserved 1101824K
  class space    used 7278K, capacity 7532K, committed 7552K, reserved 1048576K
}
Event: 32.419 GC heap before
{Heap before GC invocations=20 (full 3):
 PSYoungGen      total 294400K, used 272384K [0x00000000d5f80000, 0x00000000eba00000, 0x0000000100000000)
  eden space 272384K, 100% used [0x00000000d5f80000,0x00000000e6980000,0x00000000e6980000)
  from space 22016K, 0% used [0x00000000e8000000,0x00000000e8000000,0x00000000e9580000)
  to   space 23040K, 0% used [0x00000000e6980000,0x00000000e6980000,0x00000000e8000000)
 ParOldGen       total 163328K, used 48082K [0x0000000081e00000, 0x000000008bd80000, 0x00000000d5f80000)
  object space 163328K, 29% used [0x0000000081e00000,0x0000000084cf48f8,0x000000008bd80000)
 Metaspace       used 71591K, capacity 72604K, committed 73216K, reserved 1112064K
  class space    used 9680K, capacity 9955K, committed 9984K, reserved 1048576K
Event: 32.444 GC heap after
Heap after GC invocations=20 (full 3):
 PSYoungGen      total 295424K, used 22553K [0x00000000d5f80000, 0x00000000ece80000, 0x0000000100000000)
  eden space 272384K, 0% used [0x00000000d5f80000,0x00000000d5f80000,0x00000000e6980000)
  from space 23040K, 97% used [0x00000000e6980000,0x00000000e7f86620,0x00000000e8000000)
  to   space 25600K, 0% used [0x00000000eb580000,0x00000000eb580000,0x00000000ece80000)
 ParOldGen       total 163328K, used 48090K [0x0000000081e00000, 0x000000008bd80000, 0x00000000d5f80000)
  object space 163328K, 29% used [0x0000000081e00000,0x0000000084cf68f8,0x000000008bd80000)
 Metaspace       used 71591K, capacity 72604K, committed 73216K, reserved 1112064K
  class space    used 9680K, capacity 9955K, committed 9984K, reserved 1048576K
}
Event: 39.115 GC heap before
{Heap before GC invocations=21 (full 3):
 PSYoungGen      total 295424K, used 294937K [0x00000000d5f80000, 0x00000000ece80000, 0x0000000100000000)
  eden space 272384K, 100% used [0x00000000d5f80000,0x00000000e6980000,0x00000000e6980000)
  from space 23040K, 97% used [0x00000000e6980000,0x00000000e7f86620,0x00000000e8000000)
  to   space 25600K, 0% used [0x00000000eb580000,0x00000000eb580000,0x00000000ece80000)
 ParOldGen       total 163328K, used 48090K [0x0000000081e00000, 0x000000008bd80000, 0x00000000d5f80000)
  object space 163328K, 29% used [0x0000000081e00000,0x0000000084cf68f8,0x000000008bd80000)
 Metaspace       used 77791K, capacity 78992K, committed 79360K, reserved 1118208K
  class space    used 10359K, capacity 10643K, committed 10752K, reserved 1048576K
Event: 39.173 GC heap after
Heap after GC invocations=21 (full 3):
 PSYoungGen      total 340992K, used 25592K [0x00000000d5f80000, 0x00000000edc80000, 0x0000000100000000)
  eden space 315392K, 0% used [0x00000000d5f80000,0x00000000d5f80000,0x00000000e9380000)
  from space 25600K, 99% used [0x00000000eb580000,0x00000000ece7e060,0x00000000ece80000)
  to   space 34816K, 0% used [0x00000000e9380000,0x00000000e9380000,0x00000000eb580000)
 ParOldGen       total 163328K, used 63703K [0x0000000081e00000, 0x000000008bd80000, 0x00000000d5f80000)
  object space 163328K, 39% used [0x0000000081e00000,0x0000000085c35ed8,0x000000008bd80000)
 Metaspace       used 77791K, capacity 78992K, committed 79360K, reserved 1118208K
  class space    used 10359K, capacity 10643K, committed 10752K, reserved 1048576K
}
Event: 46.098 GC heap before
{Heap before GC invocations=22 (full 3):
 PSYoungGen      total 340992K, used 340984K [0x00000000d5f80000, 0x00000000edc80000, 0x0000000100000000)
  eden space 315392K, 100% used [0x00000000d5f80000,0x00000000e9380000,0x00000000e9380000)
  from space 25600K, 99% used [0x00000000eb580000,0x00000000ece7e060,0x00000000ece80000)
  to   space 34816K, 0% used [0x00000000e9380000,0x00000000e9380000,0x00000000eb580000)
 ParOldGen       total 163328K, used 63703K [0x0000000081e00000, 0x000000008bd80000, 0x00000000d5f80000)
  object space 163328K, 39% used [0x0000000081e00000,0x0000000085c35ed8,0x000000008bd80000)
 Metaspace       used 82168K, capacity 83504K, committed 83712K, reserved 1122304K
  class space    used 10871K, capacity 11175K, committed 11264K, reserved 1048576K
Event: 46.145 GC heap after
Heap after GC invocations=22 (full 3):
 PSYoungGen      total 350208K, used 34795K [0x00000000d5f80000, 0x00000000f1480000, 0x0000000100000000)
  eden space 315392K, 0% used [0x00000000d5f80000,0x00000000d5f80000,0x00000000e9380000)
  from space 34816K, 99% used [0x00000000e9380000,0x00000000eb57afa0,0x00000000eb580000)
  to   space 40960K, 0% used [0x00000000eec80000,0x00000000eec80000,0x00000000f1480000)
 ParOldGen       total 163328K, used 66403K [0x0000000081e00000, 0x000000008bd80000, 0x00000000d5f80000)
  object space 163328K, 40% used [0x0000000081e00000,0x0000000085ed8c68,0x000000008bd80000)
 Metaspace       used 82168K, capacity 83504K, committed 83712K, reserved 1122304K
  class space    used 10871K, capacity 11175K, committed 11264K, reserved 1048576K
}
Event: 56.456 GC heap before
{Heap before GC invocations=23 (full 3):
 PSYoungGen      total 350208K, used 350187K [0x00000000d5f80000, 0x00000000f1480000, 0x0000000100000000)
  eden space 315392K, 100% used [0x00000000d5f80000,0x00000000e9380000,0x00000000e9380000)
  from space 34816K, 99% used [0x00000000e9380000,0x00000000eb57afa0,0x00000000eb580000)
  to   space 40960K, 0% used [0x00000000eec80000,0x00000000eec80000,0x00000000f1480000)
 ParOldGen       total 163328K, used 66403K [0x0000000081e00000, 0x000000008bd80000, 0x00000000d5f80000)
  object space 163328K, 40% used [0x0000000081e00000,0x0000000085ed8c68,0x000000008bd80000)
 Metaspace       used 83296K, capacity 84692K, committed 84864K, reserved 1122304K
  class space    used 11031K, capacity 11373K, committed 11392K, reserved 1048576K
Event: 56.506 GC heap after
Heap after GC invocations=23 (full 3):
 PSYoungGen      total 399360K, used 29556K [0x00000000d5f80000, 0x00000000f1300000, 0x0000000100000000)
  eden space 359936K, 0% used [0x00000000d5f80000,0x00000000d5f80000,0x00000000ebf00000)
  from space 39424K, 74% used [0x00000000eec80000,0x00000000f095d248,0x00000000f1300000)
  to   space 43008K, 0% used [0x00000000ebf00000,0x00000000ebf00000,0x00000000ee900000)
 ParOldGen       total 163328K, used 78301K [0x0000000081e00000, 0x000000008bd80000, 0x00000000d5f80000)
  object space 163328K, 47% used [0x0000000081e00000,0x0000000086a775c8,0x000000008bd80000)
 Metaspace       used 83296K, capacity 84692K, committed 84864K, reserved 1122304K
  class space    used 11031K, capacity 11373K, committed 11392K, reserved 1048576K
}

Deoptimization events (10 events):
Event: 161.356 Thread 0x000000001e74b000 Uncommon trap: reason=unhandled action=none pc=0x0000000002c98054 method=java.net.URLClassLoader.findClass(Ljava/lang/String;)Ljava/lang/Class; @ 44
Event: 161.357 Thread 0x000000001e74b000 Uncommon trap: reason=unhandled action=none pc=0x0000000002c98054 method=java.net.URLClassLoader.findClass(Ljava/lang/String;)Ljava/lang/Class; @ 44
Event: 161.358 Thread 0x000000001e74b000 Uncommon trap: reason=unhandled action=none pc=0x0000000002c98054 method=java.net.URLClassLoader.findClass(Ljava/lang/String;)Ljava/lang/Class; @ 44
Event: 161.358 Thread 0x000000001e74b000 Uncommon trap: reason=unhandled action=none pc=0x0000000002c98054 method=java.net.URLClassLoader.findClass(Ljava/lang/String;)Ljava/lang/Class; @ 44
Event: 161.360 Thread 0x000000001e74b000 Uncommon trap: reason=unhandled action=none pc=0x0000000002c98054 method=java.net.URLClassLoader.findClass(Ljava/lang/String;)Ljava/lang/Class; @ 44
Event: 161.360 Thread 0x000000001e74b000 Uncommon trap: reason=unhandled action=none pc=0x0000000002c98054 method=java.net.URLClassLoader.findClass(Ljava/lang/String;)Ljava/lang/Class; @ 44
Event: 161.422 Thread 0x000000001e74b000 Uncommon trap: reason=unhandled action=none pc=0x0000000002c98054 method=java.net.URLClassLoader.findClass(Ljava/lang/String;)Ljava/lang/Class; @ 44
Event: 161.423 Thread 0x000000001e74b000 Uncommon trap: reason=unhandled action=none pc=0x0000000002c98054 method=java.net.URLClassLoader.findClass(Ljava/lang/String;)Ljava/lang/Class; @ 44
Event: 161.600 Thread 0x000000001e74b000 Uncommon trap: reason=unhandled action=none pc=0x0000000002c98054 method=java.net.URLClassLoader.findClass(Ljava/lang/String;)Ljava/lang/Class; @ 44
Event: 161.601 Thread 0x000000001e74b000 Uncommon trap: reason=unhandled action=none pc=0x0000000002c98054 method=java.net.URLClassLoader.findClass(Ljava/lang/String;)Ljava/lang/Class; @ 44

Classes redefined (0 events):
No events

Internal exceptions (10 events):
Event: 57.467 Thread 0x000000001e74b000 Exception <a 'java/lang/ClassNotFoundException': org/apache/camel/component/direct/DirectComponentBeanInfo> (0x00000000d8a8d578) thrown at [C:\re\workspace\8-2-build-windows-amd64-cygwin\jdk8u181\11358\hotspot\src\share\vm\classfile\systemDictionary.cpp, 
Event: 57.470 Thread 0x000000001e74b000 Exception <a 'java/lang/ClassNotFoundException': org/apache/camel/component/direct/DirectComponentCustomizer> (0x00000000d8aba540) thrown at [C:\re\workspace\8-2-build-windows-amd64-cygwin\jdk8u181\11358\hotspot\src\share\vm\classfile\systemDictionary.cpp
Event: 57.473 Thread 0x000000001e74b000 Exception <a 'java/lang/ClassNotFoundException': org/apache/camel/ComponentCustomizer> (0x00000000d8afe730) thrown at [C:\re\workspace\8-2-build-windows-amd64-cygwin\jdk8u181\11358\hotspot\src\share\vm\classfile\systemDictionary.cpp, line 210]
Event: 57.473 Thread 0x000000001e74b000 Exception <a 'java/lang/ArrayIndexOutOfBoundsException': 111> (0x00000000d8b00448) thrown at [C:\re\workspace\8-2-build-windows-amd64-cygwin\jdk8u181\11358\hotspot\src\share\vm\interpreter\interpreterRuntime.cpp, line 366]
Event: 57.473 Thread 0x000000001e74b000 Exception <a 'java/lang/ArrayIndexOutOfBoundsException': 103> (0x00000000d8b03848) thrown at [C:\re\workspace\8-2-build-windows-amd64-cygwin\jdk8u181\11358\hotspot\src\share\vm\interpreter\interpreterRuntime.cpp, line 366]
Event: 57.475 Thread 0x000000001e74b000 Exception <a 'java/lang/ClassNotFoundException': org/apache/camel/StatefulServiceCustomizer> (0x00000000d8b28d90) thrown at [C:\re\workspace\8-2-build-windows-amd64-cygwin\jdk8u181\11358\hotspot\src\share\vm\classfile\systemDictionary.cpp, line 210]
Event: 57.569 Thread 0x000000001e74b000 Exception <a 'java/lang/ClassNotFoundException': org/apache/camel/component/bean/BeanComponentBeanInfo> (0x00000000d90d9d10) thrown at [C:\re\workspace\8-2-build-windows-amd64-cygwin\jdk8u181\11358\hotspot\src\share\vm\classfile\systemDictionary.cpp, line
Event: 57.571 Thread 0x000000001e74b000 Exception <a 'java/lang/ClassNotFoundException': org/apache/camel/component/bean/BeanComponentCustomizer> (0x00000000d9103f20) thrown at [C:\re\workspace\8-2-build-windows-amd64-cygwin\jdk8u181\11358\hotspot\src\share\vm\classfile\systemDictionary.cpp, li
Event: 57.573 Thread 0x000000001e74b000 Exception <a 'java/lang/ClassNotFoundException': org/apache/camel/ComponentCustomizer> (0x00000000d9141e90) thrown at [C:\re\workspace\8-2-build-windows-amd64-cygwin\jdk8u181\11358\hotspot\src\share\vm\classfile\systemDictionary.cpp, line 210]
Event: 57.576 Thread 0x000000001e74b000 Exception <a 'java/lang/ClassNotFoundException': org/apache/camel/StatefulServiceCustomizer> (0x00000000d9168d58) thrown at [C:\re\workspace\8-2-build-windows-amd64-cygwin\jdk8u181\11358\hotspot\src\share\vm\classfile\systemDictionary.cpp, line 210]

Events (10 events):
Event: 161.601 Thread 0x000000001e74b000 DEOPT PACKING pc=0x00000000046ccad0 sp=0x000000001b93c8d0
Event: 161.601 Thread 0x000000001e74b000 DEOPT UNPACKING pc=0x0000000002a07890 sp=0x000000001b93c620 mode 1
Event: 161.601 Thread 0x000000001e74b000 Uncommon trap: trap_request=0xffffffa7 fr.pc=0x0000000002c98054
Event: 161.601 Thread 0x000000001e74b000 DEOPT PACKING pc=0x0000000002c98054 sp=0x000000001b93c880
Event: 161.601 Thread 0x000000001e74b000 DEOPT UNPACKING pc=0x0000000002a0583b sp=0x000000001b93c828 mode 2
Event: 161.601 Thread 0x000000001e74b000 DEOPT PACKING pc=0x00000000035bb7fc sp=0x000000001b93c990
Event: 161.601 Thread 0x000000001e74b000 DEOPT UNPACKING pc=0x0000000002a07890 sp=0x000000001b93c6c8 mode 1
Event: 161.601 Thread 0x000000001e74b000 DEOPT PACKING pc=0x00000000046ccad0 sp=0x000000001b93ca00
Event: 161.601 Thread 0x000000001e74b000 DEOPT UNPACKING pc=0x0000000002a07890 sp=0x000000001b93c750 mode 1
Event: 161.603 loading class java/io/CharArrayWriter


Dynamic libraries:
0x00007ff7addb0000 - 0x00007ff7adde7000 	C:\Program Files\Java\jdk1.8.0_181\bin\javaw.exe
0x00007ffc9d480000 - 0x00007ffc9d670000 	C:\WINDOWS\SYSTEM32\ntdll.dll
0x00007ffc8b6d0000 - 0x00007ffc8b6e2000 	C:\Program Files\AVAST Software\Avast\aswhook.dll
0x00007ffc9b530000 - 0x00007ffc9b5e2000 	C:\WINDOWS\System32\KERNEL32.DLL
0x00007ffc9a6b0000 - 0x00007ffc9a953000 	C:\WINDOWS\System32\KERNELBASE.dll
0x00007ffc9c750000 - 0x00007ffc9c7f3000 	C:\WINDOWS\System32\ADVAPI32.dll
0x00007ffc9bf80000 - 0x00007ffc9c01e000 	C:\WINDOWS\System32\msvcrt.dll
0x00007ffc9c6b0000 - 0x00007ffc9c747000 	C:\WINDOWS\System32\sechost.dll
0x00007ffc9d2a0000 - 0x00007ffc9d3c0000 	C:\WINDOWS\System32\RPCRT4.dll
0x00007ffc9ce20000 - 0x00007ffc9cfb3000 	C:\WINDOWS\System32\USER32.dll
0x00007ffc9a490000 - 0x00007ffc9a4b1000 	C:\WINDOWS\System32\win32u.dll
0x00007ffc9d110000 - 0x00007ffc9d136000 	C:\WINDOWS\System32\GDI32.dll
0x00007ffc9a510000 - 0x00007ffc9a6a4000 	C:\WINDOWS\System32\gdi32full.dll
0x00007ffc9a960000 - 0x00007ffc9a9fe000 	C:\WINDOWS\System32\msvcp_win.dll
0x00007ffc9b410000 - 0x00007ffc9b50a000 	C:\WINDOWS\System32\ucrtbase.dll
0x00007ffc8b0b0000 - 0x00007ffc8b335000 	C:\WINDOWS\WinSxS\amd64_microsoft.windows.common-controls_6595b64144ccf1df_6.0.18362.356_none_e6c4af7d130f27cc\COMCTL32.dll
0x00007ffc9c250000 - 0x00007ffc9c586000 	C:\WINDOWS\System32\combase.dll
0x00007ffc9a410000 - 0x00007ffc9a490000 	C:\WINDOWS\System32\bcryptPrimitives.dll
0x00007ffc9b5f0000 - 0x00007ffc9b61e000 	C:\WINDOWS\System32\IMM32.DLL
0x0000000074c30000 - 0x0000000074d02000 	C:\Program Files\Java\jdk1.8.0_181\jre\bin\msvcr100.dll
0x0000000075440000 - 0x0000000075ce2000 	C:\Program Files\Java\jdk1.8.0_181\jre\bin\server\jvm.dll
0x00007ffc9c590000 - 0x00007ffc9c598000 	C:\WINDOWS\System32\PSAPI.DLL
0x00007ffc8fc80000 - 0x00007ffc8fc89000 	C:\WINDOWS\SYSTEM32\WSOCK32.dll
0x00007ffc9d3d0000 - 0x00007ffc9d43f000 	C:\WINDOWS\System32\WS2_32.dll
0x00007ffc8b600000 - 0x00007ffc8b624000 	C:\WINDOWS\SYSTEM32\WINMM.dll
0x00007ffc8ec90000 - 0x00007ffc8ec9a000 	C:\WINDOWS\SYSTEM32\VERSION.dll
0x00007ffc8b510000 - 0x00007ffc8b53d000 	C:\WINDOWS\SYSTEM32\WINMMBASE.dll
0x00007ffc9a4c0000 - 0x00007ffc9a50a000 	C:\WINDOWS\System32\cfgmgr32.dll
0x00000000753f0000 - 0x00000000753ff000 	C:\Program Files\Java\jdk1.8.0_181\jre\bin\verify.dll
0x00000000753a0000 - 0x00000000753c9000 	C:\Program Files\Java\jdk1.8.0_181\jre\bin\java.dll
0x0000000074ff0000 - 0x0000000075025000 	C:\Program Files\Java\jdk1.8.0_181\jre\bin\jdwp.dll
0x0000000074fe0000 - 0x0000000074fe8000 	C:\Program Files\Java\jdk1.8.0_181\jre\bin\npt.dll
0x0000000075380000 - 0x0000000075396000 	C:\Program Files\Java\jdk1.8.0_181\jre\bin\zip.dll
0x00007ffc9b870000 - 0x00007ffc9bf55000 	C:\WINDOWS\System32\SHELL32.dll
0x00007ffc9c5a0000 - 0x00007ffc9c649000 	C:\WINDOWS\System32\shcore.dll
0x00007ffc9aa30000 - 0x00007ffc9b1ae000 	C:\WINDOWS\System32\windows.storage.dll
0x00007ffc9a3f0000 - 0x00007ffc9a40f000 	C:\WINDOWS\System32\profapi.dll
0x00007ffc9a380000 - 0x00007ffc9a3ca000 	C:\WINDOWS\System32\powrprof.dll
0x00007ffc9a350000 - 0x00007ffc9a360000 	C:\WINDOWS\System32\UMPDC.dll
0x00007ffc9d0b0000 - 0x00007ffc9d102000 	C:\WINDOWS\System32\shlwapi.dll
0x00007ffc9a360000 - 0x00007ffc9a371000 	C:\WINDOWS\System32\kernel.appcore.dll
0x00007ffc9b510000 - 0x00007ffc9b527000 	C:\WINDOWS\System32\cryptsp.dll
0x0000000074fd0000 - 0x0000000074fd9000 	C:\Program Files\Java\jdk1.8.0_181\jre\bin\dt_socket.dll
0x00007ffc88480000 - 0x00007ffc88496000 	C:\WINDOWS\system32\napinsp.dll
0x00007ffc88460000 - 0x00007ffc8847a000 	C:\WINDOWS\system32\pnrpnsp.dll
0x00007ffc99b10000 - 0x00007ffc99b77000 	C:\WINDOWS\System32\mswsock.dll
0x00007ffc99880000 - 0x00007ffc9994a000 	C:\WINDOWS\SYSTEM32\DNSAPI.dll
0x00007ffc9d3c0000 - 0x00007ffc9d3c8000 	C:\WINDOWS\System32\NSI.dll
0x00007ffc99830000 - 0x00007ffc9986a000 	C:\WINDOWS\SYSTEM32\IPHLPAPI.DLL
0x00007ffc899a0000 - 0x00007ffc899ae000 	C:\WINDOWS\System32\winrnr.dll
0x00007ffc954a0000 - 0x00007ffc954bc000 	C:\WINDOWS\system32\NLAapi.dll
0x00007ffc94db0000 - 0x00007ffc94dc5000 	C:\WINDOWS\system32\wshbth.dll
0x00007ffc946e0000 - 0x00007ffc94757000 	C:\WINDOWS\System32\fwpuclnt.dll
0x00007ffc9aa00000 - 0x00007ffc9aa26000 	C:\WINDOWS\System32\bcrypt.dll
0x00007ffc928a0000 - 0x00007ffc928aa000 	C:\Windows\System32\rasadhlp.dll
0x0000000075130000 - 0x000000007514a000 	C:\Program Files\Java\jdk1.8.0_181\jre\bin\net.dll
0x0000000075110000 - 0x0000000075121000 	C:\Program Files\Java\jdk1.8.0_181\jre\bin\nio.dll
0x00007ffc99690000 - 0x00007ffc996c3000 	C:\WINDOWS\system32\rsaenh.dll
0x00007ffc9a270000 - 0x00007ffc9a295000 	C:\WINDOWS\SYSTEM32\USERENV.dll
0x00007ffc99c90000 - 0x00007ffc99c9c000 	C:\WINDOWS\SYSTEM32\CRYPTBASE.dll
0x00007ffc94d90000 - 0x00007ffc94da6000 	C:\WINDOWS\SYSTEM32\dhcpcsvc6.DLL
0x00007ffc94b40000 - 0x00007ffc94b5c000 	C:\WINDOWS\SYSTEM32\dhcpcsvc.DLL
0x0000000075080000 - 0x000000007508d000 	C:\Program Files\Java\jdk1.8.0_181\jre\bin\management.dll
0x00007ffc93bf0000 - 0x00007ffc93de4000 	C:\WINDOWS\SYSTEM32\dbghelp.dll

VM Arguments:
jvm_args: -agentlib:jdwp=transport=dt_socket,suspend=y,address=localhost:55310 -Dmaven.home=EMBEDDED -Dclassworlds.conf=D:\Royal_Sundaram\ws_rpa_latest\.metadata\.plugins\org.eclipse.m2e.launching\launches\m2conf2409957880825233590.tmp -Dmaven.multiModuleProjectDirectory=D:\Royal_Sundaram\ws_rpa_latest\RPA_WEB -Dfile.encoding=Cp1252 
java_command: org.codehaus.plexus.classworlds.launcher.Launcher -B spring-boot:run
java_class_path (initial): /D:/softwares/eclipse/plugins/org.eclipse.m2e.maven.runtime_1.7.0.20160603-1931/jars/plexus-classworlds-2.5.2.jar
Launcher Type: SUN_STANDARD

Environment Variables:
JAVA_HOME=C:\Program Files\Java\jdk1.8.0_181
PATH=C:\Program Files\Java\jdk1.8.0_181\jre\bin;C:/Program Files/Java/jre1.8.0_181/bin/server;C:/Program Files/Java/jre1.8.0_181/bin;C:/Program Files/Java/jre1.8.0_181/lib/amd64;C:\oraclexe\app\oracle\product\11.2.0\server\bin;C:\Program Files (x86)\Common Files\Oracle\Java\javapath;C:\WINDOWS\system32;C:\WINDOWS;C:\WINDOWS\System32\Wbem;C:\WINDOWS\System32\WindowsPowerShell\v1.0\;C:\Program Files\MySQL\MySQL Utilities 1.6\;C:\Program Files (x86)\sbt\bin;C:\Program Files\Java\jdk1.8.0_181\bin;C:\WINDOWS\System32\OpenSSH\;C:\Program Files\nodejs\;C:\Program Files\TortoiseGit\bin;C:\Program Files\TortoiseSVN\bin;C:\Users\CSS\AppData\Local\Microsoft\WindowsApps;C:\Users\CSS\AppData\Roaming\npm;C:\Program Files (x86)\Sophos\Sophos SSL VPN Client\bin;;D:\softwares\eclipse;
USERNAME=CSS
OS=Windows_NT
PROCESSOR_IDENTIFIER=Intel64 Family 6 Model 58 Stepping 9, GenuineIntel



---------------  S Y S T E M  ---------------

OS: Windows 10.0 , 64 bit Build 18362 (10.0.18362.329)

CPU:total 4 (initial active 4) (2 cores per cpu, 2 threads per core) family 6 model 58 stepping 9, cmov, cx8, fxsr, mmx, sse, sse2, sse3, ssse3, sse4.1, sse4.2, popcnt, avx, aes, clmul, erms, ht, tsc, tscinvbit, tscinv

Memory: 4k page, physical 8258928k(2629260k free), swap 14571072k(6293428k free)

vm_info: Java HotSpot(TM) 64-Bit Server VM (25.181-b13) for windows-amd64 JRE (1.8.0_181-b13), built on Jul  7 2018 04:01:33 by "java_re" with MS VC++ 10.0 (VS2010)

time: Wed Sep 18 11:28:10 2019
elapsed time: 167 seconds (0d 0h 2m 47s)

